Library/Bee/Android/Prj/Mono2x/Gradle/launcher/build/intermediates/manifest_merge_blame_file/release/manifest-merger-blame-release-report.txt
1<?xml version="1.0" encoding="utf-8"?>
2<manifest xmlns:android="http://schemas.android.com/apk/res/android"
3    package="com.E.R.L.soft.PinoyFootballTycoon"
4    android:installLocation="preferExternal"
5    android:versionCode="1"
6    android:versionName="1.0.2" >
7
8    <uses-sdk
9        android:minSdkVersion="22"
9-->src\main\AndroidManifest.xml
10        android:targetSdkVersion="35" />
10-->src\main\AndroidManifest.xml
11
12    <supports-screens
12-->src\main\AndroidManifest.xml:4:3-163
13        android:anyDensity="true"
13-->src\main\AndroidManifest.xml:4:135-160
14        android:largeScreens="true"
14-->src\main\AndroidManifest.xml:4:78-105
15        android:normalScreens="true"
15-->src\main\AndroidManifest.xml:4:49-77
16        android:smallScreens="true"
16-->src\main\AndroidManifest.xml:4:21-48
17        android:xlargeScreens="true" />
17-->src\main\AndroidManifest.xml:4:106-134
18
19    <uses-feature android:glEsVersion="0x00030000" />
19-->[:unityLibrary] AndroidManifest.xml:8:5-54
19-->[:unityLibrary] AndroidManifest.xml:8:19-51
20    <uses-feature
20-->[:unityLibrary] AndroidManifest.xml:9:5-11:36
21        android:name="android.hardware.vulkan.version"
21-->[:unityLibrary] AndroidManifest.xml:10:9-55
22        android:required="false" />
22-->[:unityLibrary] AndroidManifest.xml:11:9-33
23    <uses-feature
23-->[:unityLibrary] AndroidManifest.xml:12:5-14:36
24        android:name="android.hardware.touchscreen"
24-->[:unityLibrary] AndroidManifest.xml:13:9-52
25        android:required="false" />
25-->[:unityLibrary] AndroidManifest.xml:14:9-33
26    <uses-feature
26-->[:unityLibrary] AndroidManifest.xml:15:5-17:36
27        android:name="android.hardware.touchscreen.multitouch"
27-->[:unityLibrary] AndroidManifest.xml:16:9-63
28        android:required="false" />
28-->[:unityLibrary] AndroidManifest.xml:17:9-33
29    <uses-feature
29-->[:unityLibrary] AndroidManifest.xml:18:5-20:36
30        android:name="android.hardware.touchscreen.multitouch.distinct"
30-->[:unityLibrary] AndroidManifest.xml:19:9-72
31        android:required="false" />
31-->[:unityLibrary] AndroidManifest.xml:20:9-33
32
33    <uses-permission android:name="android.permission.POST_NOTIFICATIONS" />
33-->[:unityLibrary:mobilenotifications.androidlib] AndroidManifest.xml:7:5-77
33-->[:unityLibrary:mobilenotifications.androidlib] AndroidManifest.xml:7:22-74
34
35    <application
35-->src\main\AndroidManifest.xml:3:3-83
36        android:extractNativeLibs="true"
36-->[:unityLibrary] AndroidManifest.xml:22:18-50
37        android:icon="@mipmap/app_icon"
37-->src\main\AndroidManifest.xml:3:49-80
38        android:label="@string/app_name" >
38-->src\main\AndroidManifest.xml:3:16-48
39        <meta-data
39-->[:unityLibrary] AndroidManifest.xml:23:9-25:33
40            android:name="unity.splash-mode"
40-->[:unityLibrary] AndroidManifest.xml:24:13-45
41            android:value="0" />
41-->[:unityLibrary] AndroidManifest.xml:25:13-30
42        <meta-data
42-->[:unityLibrary] AndroidManifest.xml:26:9-28:36
43            android:name="unity.splash-enable"
43-->[:unityLibrary] AndroidManifest.xml:27:13-47
44            android:value="True" />
44-->[:unityLibrary] AndroidManifest.xml:28:13-33
45        <meta-data
45-->[:unityLibrary] AndroidManifest.xml:29:9-31:36
46            android:name="unity.launch-fullscreen"
46-->[:unityLibrary] AndroidManifest.xml:30:13-51
47            android:value="True" />
47-->[:unityLibrary] AndroidManifest.xml:31:13-33
48        <meta-data
48-->[:unityLibrary] AndroidManifest.xml:32:9-34:36
49            android:name="unity.render-outside-safearea"
49-->[:unityLibrary] AndroidManifest.xml:33:13-57
50            android:value="True" />
50-->[:unityLibrary] AndroidManifest.xml:34:13-33
51        <meta-data
51-->[:unityLibrary] AndroidManifest.xml:35:9-37:50
52            android:name="notch.config"
52-->[:unityLibrary] AndroidManifest.xml:36:13-40
53            android:value="portrait|landscape" />
53-->[:unityLibrary] AndroidManifest.xml:37:13-47
54        <meta-data
54-->[:unityLibrary] AndroidManifest.xml:38:9-40:36
55            android:name="unity.auto-report-fully-drawn"
55-->[:unityLibrary] AndroidManifest.xml:39:13-57
56            android:value="true" />
56-->[:unityLibrary] AndroidManifest.xml:40:13-33
57
58        <activity
58-->[:unityLibrary] AndroidManifest.xml:42:9-63:20
59            android:name="com.unity3d.player.UnityPlayerActivity"
59-->[:unityLibrary] AndroidManifest.xml:43:13-66
60            android:configChanges="mcc|mnc|locale|touchscreen|keyboard|keyboardHidden|navigation|orientation|screenLayout|uiMode|screenSize|smallestScreenSize|fontScale|layoutDirection|density"
60-->[:unityLibrary] AndroidManifest.xml:44:13-194
61            android:exported="true"
61-->[:unityLibrary] AndroidManifest.xml:45:13-36
62            android:hardwareAccelerated="false"
62-->[:unityLibrary] AndroidManifest.xml:46:13-48
63            android:launchMode="singleTask"
63-->[:unityLibrary] AndroidManifest.xml:47:13-44
64            android:resizeableActivity="false"
64-->[:unityLibrary] AndroidManifest.xml:48:13-47
65            android:screenOrientation="fullUser"
65-->[:unityLibrary] AndroidManifest.xml:49:13-49
66            android:theme="@style/UnityThemeSelector" >
66-->[:unityLibrary] AndroidManifest.xml:50:13-54
67            <intent-filter>
67-->[:unityLibrary] AndroidManifest.xml:51:13-55:29
68                <category android:name="android.intent.category.LAUNCHER" />
68-->[:unityLibrary] AndroidManifest.xml:52:17-77
68-->[:unityLibrary] AndroidManifest.xml:52:27-74
69
70                <action android:name="android.intent.action.MAIN" />
70-->[:unityLibrary] AndroidManifest.xml:54:17-69
70-->[:unityLibrary] AndroidManifest.xml:54:25-66
71            </intent-filter>
72
73            <meta-data
73-->[:unityLibrary] AndroidManifest.xml:57:13-59:40
74                android:name="unityplayer.UnityActivity"
74-->[:unityLibrary] AndroidManifest.xml:58:17-57
75                android:value="true" />
75-->[:unityLibrary] AndroidManifest.xml:59:17-37
76            <meta-data
76-->[:unityLibrary] AndroidManifest.xml:60:13-62:40
77                android:name="notch_support"
77-->[:unityLibrary] AndroidManifest.xml:61:17-45
78                android:value="true" />
78-->[:unityLibrary] AndroidManifest.xml:62:17-37
79        </activity>
80
81        <receiver
81-->[:unityLibrary:mobilenotifications.androidlib] AndroidManifest.xml:10:9-12:40
82            android:name="com.unity.androidnotifications.UnityNotificationManager"
82-->[:unityLibrary:mobilenotifications.androidlib] AndroidManifest.xml:11:13-83
83            android:exported="false" />
83-->[:unityLibrary:mobilenotifications.androidlib] AndroidManifest.xml:12:13-37
84
85        <meta-data
85-->[:unityLibrary:mobilenotifications.androidlib] AndroidManifest.xml:14:9-16:33
86            android:name="com.unity.androidnotifications.exact_scheduling"
86-->[:unityLibrary:mobilenotifications.androidlib] AndroidManifest.xml:15:13-75
87            android:value="0" />
87-->[:unityLibrary:mobilenotifications.androidlib] AndroidManifest.xml:16:13-30
88    </application>
89
90</manifest>